-------------------------------------------------------------------------------
Test set: com.liniyakamnya.engine.dao.CategoryEntityDAOTest
-------------------------------------------------------------------------------
Tests run: 1, Failures: 0, Errors: 1, Skipped: 0, Time elapsed: 1.455 sec <<< FAILURE!
testCreate(com.liniyakamnya.engine.dao.CategoryEntityDAOTest)  Time elapsed: 1.43 sec  <<< ERROR!
java.lang.IllegalArgumentException: Unknown entity: com.liniyakamnya.engine.entities.Category
	at org.hibernate.ejb.AbstractEntityManagerImpl.merge(AbstractEntityManagerImpl.java:857)
	at com.liniyakamnya.engine.dao.AbstractEntityDAO.safeOrUpdate(AbstractEntityDAO.java:38)
	at com.liniyakamnya.engine.dao.CategoryEntityDAO.safeOrUpdate(CategoryEntityDAO.java:36)
	at com.liniyakamnya.engine.dao.CategoryEntityDAOTest.testCreate(CategoryEntityDAOTest.java:17)
	at sun.reflect.NativeMethodAccessorImpl.invoke0(Native Method)
	at sun.reflect.NativeMethodAccessorImpl.invoke(NativeMethodAccessorImpl.java:39)
	at sun.reflect.DelegatingMethodAccessorImpl.invoke(DelegatingMethodAccessorImpl.java:25)
	at java.lang.reflect.Method.invoke(Method.java:597)
	at org.junit.runners.model.FrameworkMethod$1.runReflectiveCall(FrameworkMethod.java:44)
	at org.junit.internal.runners.model.ReflectiveCallable.run(ReflectiveCallable.java:15)
	at org.junit.runners.model.FrameworkMethod.invokeExplosively(FrameworkMethod.java:41)
	at org.junit.internal.runners.statements.InvokeMethod.evaluate(InvokeMethod.java:20)
	at org.junit.runners.BlockJUnit4ClassRunner.runNotIgnored(BlockJUnit4ClassRunner.java:79)
	at org.junit.runners.BlockJUnit4ClassRunner.runChild(BlockJUnit4ClassRunner.java:71)
	at org.junit.runners.BlockJUnit4ClassRunner.runChild(BlockJUnit4ClassRunner.java:49)
	at org.junit.runners.ParentRunner$3.run(ParentRunner.java:193)
	at org.junit.runners.ParentRunner$1.schedule(ParentRunner.java:52)
	at org.junit.runners.ParentRunner.runChildren(ParentRunner.java:191)
	at org.junit.runners.ParentRunner.access$000(ParentRunner.java:42)
	at org.junit.runners.ParentRunner$2.evaluate(ParentRunner.java:184)
	at org.junit.runners.ParentRunner.run(ParentRunner.java:236)
	at org.apache.maven.surefire.junit4.JUnit4TestSet.execute(JUnit4TestSet.java:53)
	at org.apache.maven.surefire.junit4.JUnit4Provider.executeTestSet(JUnit4Provider.java:123)
	at org.apache.maven.surefire.junit4.JUnit4Provider.invoke(JUnit4Provider.java:104)
	at sun.reflect.NativeMethodAccessorImpl.invoke0(Native Method)
	at sun.reflect.NativeMethodAccessorImpl.invoke(NativeMethodAccessorImpl.java:39)
	at sun.reflect.DelegatingMethodAccessorImpl.invoke(DelegatingMethodAccessorImpl.java:25)
	at java.lang.reflect.Method.invoke(Method.java:597)
	at org.apache.maven.surefire.util.ReflectionUtils.invokeMethodWithArray(ReflectionUtils.java:164)
	at org.apache.maven.surefire.booter.ProviderFactory$ProviderProxy.invoke(ProviderFactory.java:110)
	at org.apache.maven.surefire.booter.SurefireStarter.invokeProvider(SurefireStarter.java:175)
	at org.apache.maven.surefire.booter.SurefireStarter.runSuitesInProcessWhenForked(SurefireStarter.java:107)
	at org.apache.maven.surefire.booter.ForkedBooter.main(ForkedBooter.java:68)
Caused by: org.hibernate.MappingException: Unknown entity: com.liniyakamnya.engine.entities.Category
	at org.hibernate.impl.SessionFactoryImpl.getEntityPersister(SessionFactoryImpl.java:693)
	at org.hibernate.impl.SessionImpl.getEntityPersister(SessionImpl.java:1485)
	at org.hibernate.event.def.DefaultMergeEventListener.onMerge(DefaultMergeEventListener.java:232)
	at org.hibernate.event.def.DefaultMergeEventListener.onMerge(DefaultMergeEventListener.java:84)
	at org.hibernate.impl.SessionImpl.fireMerge(SessionImpl.java:867)
	at org.hibernate.impl.SessionImpl.merge(SessionImpl.java:851)
	at org.hibernate.impl.SessionImpl.merge(SessionImpl.java:855)
	at org.hibernate.ejb.AbstractEntityManagerImpl.merge(AbstractEntityManagerImpl.java:851)
	... 32 more
