<?xml version="1.0" encoding="UTF-8" ?>
<testsuite failures="0" time="0.06" errors="0" skipped="0" tests="3" name="com.liniyakamnya.engine.dao.UserEntityDAOTest">
  <properties>
[...]
</properties>
  <testcase time="0.002" classname="com.liniyakamnya.engine.dao.UserEntityDAOTest" name="testCreate"/>
  <testcase time="0.026" classname="com.liniyakamnya.engine.dao.UserEntityDAOTest" name="testGetAll"/>
  <testcase time="0.03" classname="com.liniyakamnya.engine.dao.UserEntityDAOTest" name="testSafeOrUpdate"/>
</testsuite>